mode: atomic
github.com/phcngyn99/learn-edgex/app-service-demo/config/configuration.go:57.67,59.9 2 0
github.com/phcngyn99/learn-edgex/app-service-demo/config/configuration.go:59.9,61.3 1 0
github.com/phcngyn99/learn-edgex/app-service-demo/config/configuration.go:63.2,65.13 2 0
github.com/phcngyn99/learn-edgex/app-service-demo/config/configuration.go:70.45,71.23 1 0
github.com/phcngyn99/learn-edgex/app-service-demo/config/configuration.go:71.23,73.3 1 0
github.com/phcngyn99/learn-edgex/app-service-demo/config/configuration.go:75.2,75.51 1 0
github.com/phcngyn99/learn-edgex/app-service-demo/config/configuration.go:75.51,77.3 1 0
github.com/phcngyn99/learn-edgex/app-service-demo/config/configuration.go:79.2,79.12 1 0
github.com/phcngyn99/learn-edgex/app-service-demo/main.go:46.13,52.2 3 0
github.com/phcngyn99/learn-edgex/app-service-demo/main.go:56.135,59.9 3 5
github.com/phcngyn99/learn-edgex/app-service-demo/main.go:59.9,61.3 1 1
github.com/phcngyn99/learn-edgex/app-service-demo/main.go:63.2,69.16 3 4
github.com/phcngyn99/learn-edgex/app-service-demo/main.go:69.16,72.3 2 1
github.com/phcngyn99/learn-edgex/app-service-demo/main.go:78.2,79.85 2 3
github.com/phcngyn99/learn-edgex/app-service-demo/main.go:79.85,82.3 2 0
github.com/phcngyn99/learn-edgex/app-service-demo/main.go:86.2,86.63 1 3
github.com/phcngyn99/learn-edgex/app-service-demo/main.go:86.63,89.3 2 0
github.com/phcngyn99/learn-edgex/app-service-demo/main.go:95.2,95.134 1 3
github.com/phcngyn99/learn-edgex/app-service-demo/main.go:95.134,98.3 2 0
github.com/phcngyn99/learn-edgex/app-service-demo/main.go:100.2,111.16 3 3
github.com/phcngyn99/learn-edgex/app-service-demo/main.go:111.16,114.3 2 1
github.com/phcngyn99/learn-edgex/app-service-demo/main.go:125.2,130.16 2 2
github.com/phcngyn99/learn-edgex/app-service-demo/main.go:130.16,133.3 2 0
github.com/phcngyn99/learn-edgex/app-service-demo/main.go:136.2,141.16 2 2
github.com/phcngyn99/learn-edgex/app-service-demo/main.go:141.16,144.3 2 0
github.com/phcngyn99/learn-edgex/app-service-demo/main.go:146.2,146.48 1 2
github.com/phcngyn99/learn-edgex/app-service-demo/main.go:146.48,149.3 2 1
github.com/phcngyn99/learn-edgex/app-service-demo/main.go:153.2,153.10 1 1
github.com/phcngyn99/learn-edgex/app-service-demo/main.go:160.71,162.9 2 0
github.com/phcngyn99/learn-edgex/app-service-demo/main.go:162.9,165.3 2 0
github.com/phcngyn99/learn-edgex/app-service-demo/main.go:167.2,170.42 3 0
github.com/phcngyn99/learn-edgex/app-service-demo/main.go:170.42,173.3 2 0
github.com/phcngyn99/learn-edgex/app-service-demo/main.go:175.2,175.45 1 0
github.com/phcngyn99/learn-edgex/app-service-demo/main.go:175.45,177.3 1 0
github.com/phcngyn99/learn-edgex/app-service-demo/main.go:178.2,178.53 1 0
github.com/phcngyn99/learn-edgex/app-service-demo/main.go:178.53,180.3 1 0
github.com/phcngyn99/learn-edgex/app-service-demo/main.go:181.2,181.67 1 0
github.com/phcngyn99/learn-edgex/app-service-demo/main.go:181.67,183.3 1 0
github.com/phcngyn99/learn-edgex/app-service-demo/config/configuration.go:57.67,59.9 2 0
github.com/phcngyn99/learn-edgex/app-service-demo/config/configuration.go:59.9,61.3 1 0
github.com/phcngyn99/learn-edgex/app-service-demo/config/configuration.go:63.2,65.13 2 0
github.com/phcngyn99/learn-edgex/app-service-demo/config/configuration.go:70.45,71.23 1 3
github.com/phcngyn99/learn-edgex/app-service-demo/config/configuration.go:71.23,73.3 1 0
github.com/phcngyn99/learn-edgex/app-service-demo/config/configuration.go:75.2,75.51 1 3
github.com/phcngyn99/learn-edgex/app-service-demo/config/configuration.go:75.51,77.3 1 0
github.com/phcngyn99/learn-edgex/app-service-demo/config/configuration.go:79.2,79.12 1 3
github.com/phcngyn99/learn-edgex/app-service-demo/functions/sample.go:40.25,42.2 1 7
github.com/phcngyn99/learn-edgex/app-service-demo/functions/sample.go:53.107,57.17 3 1
github.com/phcngyn99/learn-edgex/app-service-demo/functions/sample.go:57.17,60.3 1 0
github.com/phcngyn99/learn-edgex/app-service-demo/functions/sample.go:62.2,63.9 2 1
github.com/phcngyn99/learn-edgex/app-service-demo/functions/sample.go:63.9,65.3 1 0
github.com/phcngyn99/learn-edgex/app-service-demo/functions/sample.go:67.2,72.45 2 1
github.com/phcngyn99/learn-edgex/app-service-demo/functions/sample.go:72.45,73.45 1 1
github.com/phcngyn99/learn-edgex/app-service-demo/functions/sample.go:74.48,83.30 1 0
github.com/phcngyn99/learn-edgex/app-service-demo/functions/sample.go:84.11,91.19 1 1
github.com/phcngyn99/learn-edgex/app-service-demo/functions/sample.go:97.2,97.20 1 1
github.com/phcngyn99/learn-edgex/app-service-demo/functions/sample.go:103.106,107.17 3 4
github.com/phcngyn99/learn-edgex/app-service-demo/functions/sample.go:107.17,110.3 1 0
github.com/phcngyn99/learn-edgex/app-service-demo/functions/sample.go:112.2,113.9 2 4
github.com/phcngyn99/learn-edgex/app-service-demo/functions/sample.go:113.9,115.3 1 0
github.com/phcngyn99/learn-edgex/app-service-demo/functions/sample.go:117.2,121.16 3 4
github.com/phcngyn99/learn-edgex/app-service-demo/functions/sample.go:121.16,123.3 1 1
github.com/phcngyn99/learn-edgex/app-service-demo/functions/sample.go:125.2,129.66 3 3
github.com/phcngyn99/learn-edgex/app-service-demo/functions/sample.go:129.66,130.18 1 2
github.com/phcngyn99/learn-edgex/app-service-demo/functions/sample.go:130.18,132.9 2 2
github.com/phcngyn99/learn-edgex/app-service-demo/functions/sample.go:136.2,136.27 1 3
github.com/phcngyn99/learn-edgex/app-service-demo/functions/sample.go:136.27,138.3 1 1
github.com/phcngyn99/learn-edgex/app-service-demo/functions/sample.go:140.2,147.16 5 2
github.com/phcngyn99/learn-edgex/app-service-demo/functions/sample.go:147.16,149.3 1 1
github.com/phcngyn99/learn-edgex/app-service-demo/functions/sample.go:151.2,154.34 3 1
github.com/phcngyn99/learn-edgex/app-service-demo/functions/sample.go:158.109,162.17 3 1
github.com/phcngyn99/learn-edgex/app-service-demo/functions/sample.go:162.17,164.3 1 0
github.com/phcngyn99/learn-edgex/app-service-demo/functions/sample.go:166.2,167.9 2 1
github.com/phcngyn99/learn-edgex/app-service-demo/functions/sample.go:167.9,169.3 1 0
github.com/phcngyn99/learn-edgex/app-service-demo/functions/sample.go:171.2,172.16 2 1
github.com/phcngyn99/learn-edgex/app-service-demo/functions/sample.go:172.16,174.3 1 0
github.com/phcngyn99/learn-edgex/app-service-demo/functions/sample.go:179.2,182.35 2 1
github.com/phcngyn99/learn-edgex/app-service-demo/functions/sample.go:182.35,187.27 4 1
github.com/phcngyn99/learn-edgex/app-service-demo/functions/sample.go:187.27,189.4 1 0
github.com/phcngyn99/learn-edgex/app-service-demo/functions/sample.go:189.9,191.4 1 1
github.com/phcngyn99/learn-edgex/app-service-demo/functions/sample.go:193.3,193.17 1 1
github.com/phcngyn99/learn-edgex/app-service-demo/functions/sample.go:193.17,195.4 1 1
github.com/phcngyn99/learn-edgex/app-service-demo/functions/sample.go:198.2,202.18 2 1
github.com/phcngyn99/learn-edgex/app-service-demo/functions/sample.go:206.101,210.17 3 1
github.com/phcngyn99/learn-edgex/app-service-demo/functions/sample.go:210.17,212.3 1 0
github.com/phcngyn99/learn-edgex/app-service-demo/functions/sample.go:214.2,215.9 2 1
github.com/phcngyn99/learn-edgex/app-service-demo/functions/sample.go:215.9,217.3 1 0
github.com/phcngyn99/learn-edgex/app-service-demo/functions/sample.go:219.2,229.19 4 1
